==3648== Memcheck, a memory error detector
==3648== Copyright (C) 2002-2017, and GNU GPL'd, by Julian Seward et al.
==3648== Using Valgrind-3.18.1 and LibVEX; rerun with -h for copyright info
==3648== Command: ./phonebook
==3648== Parent PID: 2489
==3648== 
==3648== 
==3648== HEAP SUMMARY:
==3648==     in use at exit: 520 bytes in 6 blocks
==3648==   total heap usage: 10 allocs, 4 frees, 2,808 bytes allocated
==3648== 
==3648== 40 bytes in 2 blocks are definitely lost in loss record 1 of 2
==3648==    at 0x4848899: malloc (in /usr/libexec/valgrind/vgpreload_memcheck-amd64-linux.so)
==3648==    by 0x1094B6: insert (phonebook.c:100)
==3648==    by 0x1093D4: main (phonebook.c:58)
==3648==    by 0x4894D8F: __libc_start_call_main (libc_start_call_main.h:58)
==3648==    by 0x4894E3F: __libc_start_main@@GLIBC_2.34 (libc-start.c:392)
==3648==    by 0x1091E4: _start (in /home/codebind/CLionProjects/checkpoint-project-shayto/phonbook-students/phonebook)
==3648==    by 0x1FFEFFFC47: ???
==3648==    by 0x1B: ???
==3648== 
==3648== 480 bytes in 4 blocks are definitely lost in loss record 2 of 2
==3648==    at 0x4848899: malloc (in /usr/libexec/valgrind/vgpreload_memcheck-amd64-linux.so)
==3648==    by 0x48EB1A2: getdelim (iogetdelim.c:62)
==3648==    by 0x1097F1: delet (phonebook.c:153)
==3648==    by 0x1093DB: main (phonebook.c:61)
==3648==    by 0x4894D8F: __libc_start_call_main (libc_start_call_main.h:58)
==3648==    by 0x4894E3F: __libc_start_main@@GLIBC_2.34 (libc-start.c:392)
==3648==    by 0x1091E4: _start (in /home/codebind/CLionProjects/checkpoint-project-shayto/phonbook-students/phonebook)
==3648==    by 0x1FFEFFFC47: ???
==3648==    by 0x1B: ???
==3648== 
==3648== LEAK SUMMARY:
==3648==    definitely lost: 520 bytes in 6 blocks
==3648==    indirectly lost: 0 bytes in 0 blocks
==3648==      possibly lost: 0 bytes in 0 blocks
==3648==    still reachable: 0 bytes in 0 blocks
==3648==         suppressed: 0 bytes in 0 blocks
==3648== 
==3648== For lists of detected and suppressed errors, rerun with: -s
==3648== ERROR SUMMARY: 2 errors from 2 contexts (suppressed: 0 from 0)
